{"E:\\Development\\Artificial Intelligence\\Practice Projects\\GCP\\Cloud Vision\\backend\\src\\index.js": {"path":"E:\\Development\\Artificial Intelligence\\Practice Projects\\GCP\\Cloud Vision\\backend\\src\\index.js","all":false,"statementMap":{"0":{"start":{"line":1,"column":0},"end":{"line":1,"column":30}},"1":{"start":{"line":2,"column":0},"end":{"line":2,"column":24}},"2":{"start":{"line":3,"column":0},"end":{"line":3,"column":28}},"3":{"start":{"line":4,"column":0},"end":{"line":4,"column":28}},"4":{"start":{"line":5,"column":0},"end":{"line":5,"column":62}},"5":{"start":{"line":6,"column":0},"end":{"line":6,"column":64}},"6":{"start":{"line":7,"column":0},"end":{"line":7,"column":0}},"7":{"start":{"line":8,"column":0},"end":{"line":8,"column":22}},"8":{"start":{"line":9,"column":0},"end":{"line":9,"column":0}},"9":{"start":{"line":10,"column":0},"end":{"line":10,"column":76}},"10":{"start":{"line":11,"column":0},"end":{"line":11,"column":18}},"11":{"start":{"line":12,"column":0},"end":{"line":12,"column":16}},"12":{"start":{"line":13,"column":0},"end":{"line":13,"column":24}},"13":{"start":{"line":14,"column":0},"end":{"line":14,"column":48}},"14":{"start":{"line":15,"column":0},"end":{"line":15,"column":23}},"15":{"start":{"line":16,"column":0},"end":{"line":16,"column":0}},"16":{"start":{"line":17,"column":0},"end":{"line":17,"column":28}},"17":{"start":{"line":18,"column":0},"end":{"line":18,"column":46}},"18":{"start":{"line":19,"column":0},"end":{"line":19,"column":3}},"19":{"start":{"line":20,"column":0},"end":{"line":20,"column":0}},"20":{"start":{"line":21,"column":0},"end":{"line":21,"column":35}},"21":{"start":{"line":22,"column":0},"end":{"line":22,"column":0}},"22":{"start":{"line":23,"column":0},"end":{"line":23,"column":25}},"23":{"start":{"line":24,"column":0},"end":{"line":24,"column":0}},"24":{"start":{"line":25,"column":0},"end":{"line":25,"column":19}}},"s":{"0":1,"1":1,"2":1,"3":1,"4":1,"5":1,"6":1,"7":1,"8":1,"9":1,"10":1,"11":1,"12":1,"13":1,"14":1,"15":1,"16":1,"17":0,"18":1,"19":1,"20":1,"21":1,"22":1,"23":1,"24":1},"branchMap":{},"b":{},"fnMap":{},"f":{}}
,"E:\\Development\\Artificial Intelligence\\Practice Projects\\GCP\\Cloud Vision\\backend\\src\\constants\\cloudvisionOptions.js": {"path":"E:\\Development\\Artificial Intelligence\\Practice Projects\\GCP\\Cloud Vision\\backend\\src\\constants\\cloudvisionOptions.js","all":false,"statementMap":{"0":{"start":{"line":1,"column":0},"end":{"line":1,"column":25}},"1":{"start":{"line":2,"column":0},"end":{"line":2,"column":53}},"2":{"start":{"line":3,"column":0},"end":{"line":3,"column":35}},"3":{"start":{"line":4,"column":0},"end":{"line":4,"column":37}},"4":{"start":{"line":5,"column":0},"end":{"line":5,"column":43}},"5":{"start":{"line":6,"column":0},"end":{"line":6,"column":45}},"6":{"start":{"line":7,"column":0},"end":{"line":7,"column":49}},"7":{"start":{"line":8,"column":0},"end":{"line":8,"column":35}},"8":{"start":{"line":9,"column":0},"end":{"line":9,"column":33}},"9":{"start":{"line":10,"column":0},"end":{"line":10,"column":2}},"10":{"start":{"line":11,"column":0},"end":{"line":11,"column":0}},"11":{"start":{"line":12,"column":0},"end":{"line":12,"column":31}}},"s":{"0":1,"1":1,"2":1,"3":1,"4":1,"5":1,"6":1,"7":1,"8":1,"9":1,"10":1,"11":1},"branchMap":{},"b":{},"fnMap":{},"f":{}}
,"E:\\Development\\Artificial Intelligence\\Practice Projects\\GCP\\Cloud Vision\\backend\\src\\controllers\\CloudVisionController.js": {"path":"E:\\Development\\Artificial Intelligence\\Practice Projects\\GCP\\Cloud Vision\\backend\\src\\controllers\\CloudVisionController.js","all":false,"statementMap":{"0":{"start":{"line":1,"column":0},"end":{"line":1,"column":60}},"1":{"start":{"line":2,"column":0},"end":{"line":2,"column":86}},"2":{"start":{"line":3,"column":0},"end":{"line":3,"column":0}},"3":{"start":{"line":4,"column":0},"end":{"line":4,"column":20}},"4":{"start":{"line":5,"column":0},"end":{"line":5,"column":43}},"5":{"start":{"line":6,"column":0},"end":{"line":6,"column":9}},"6":{"start":{"line":7,"column":0},"end":{"line":7,"column":122}},"7":{"start":{"line":8,"column":0},"end":{"line":8,"column":0}},"8":{"start":{"line":9,"column":0},"end":{"line":9,"column":29}},"9":{"start":{"line":10,"column":0},"end":{"line":10,"column":84}},"10":{"start":{"line":11,"column":0},"end":{"line":11,"column":0}},"11":{"start":{"line":12,"column":0},"end":{"line":12,"column":27}},"12":{"start":{"line":13,"column":0},"end":{"line":13,"column":21}},"13":{"start":{"line":14,"column":0},"end":{"line":14,"column":27}},"14":{"start":{"line":15,"column":0},"end":{"line":15,"column":85}},"15":{"start":{"line":16,"column":0},"end":{"line":16,"column":5}},"16":{"start":{"line":17,"column":0},"end":{"line":17,"column":4}},"17":{"start":{"line":18,"column":0},"end":{"line":18,"column":2}},"18":{"start":{"line":19,"column":0},"end":{"line":19,"column":0}},"19":{"start":{"line":20,"column":0},"end":{"line":20,"column":26}}},"s":{"0":1,"1":1,"2":1,"3":1,"4":1,"5":1,"6":1,"7":0,"8":0,"9":0,"10":0,"11":0,"12":0,"13":0,"14":0,"15":0,"16":1,"17":1,"18":1,"19":1},"branchMap":{"0":{"type":"branch","line":5,"loc":{"start":{"line":5,"column":2},"end":{"line":17,"column":4}},"locations":[{"start":{"line":5,"column":2},"end":{"line":17,"column":4}}]},"1":{"type":"branch","line":7,"loc":{"start":{"line":7,"column":121},"end":{"line":16,"column":5}},"locations":[{"start":{"line":7,"column":121},"end":{"line":16,"column":5}}]}},"b":{"0":[1],"1":[0]},"fnMap":{"0":{"name":"useCloudVisionAPI","decl":{"start":{"line":5,"column":2},"end":{"line":17,"column":4}},"loc":{"start":{"line":5,"column":2},"end":{"line":17,"column":4}},"line":5}},"f":{"0":1}}
,"E:\\Development\\Artificial Intelligence\\Practice Projects\\GCP\\Cloud Vision\\backend\\src\\middlewares\\error.middleware.js": {"path":"E:\\Development\\Artificial Intelligence\\Practice Projects\\GCP\\Cloud Vision\\backend\\src\\middlewares\\error.middleware.js","all":false,"statementMap":{"0":{"start":{"line":1,"column":0},"end":{"line":1,"column":52}},"1":{"start":{"line":2,"column":0},"end":{"line":2,"column":38}},"2":{"start":{"line":3,"column":0},"end":{"line":3,"column":0}},"3":{"start":{"line":4,"column":0},"end":{"line":4,"column":20}},"4":{"start":{"line":5,"column":0},"end":{"line":5,"column":27}},"5":{"start":{"line":6,"column":0},"end":{"line":6,"column":35}},"6":{"start":{"line":7,"column":0},"end":{"line":7,"column":4}},"7":{"start":{"line":8,"column":0},"end":{"line":8,"column":0}},"8":{"start":{"line":9,"column":0},"end":{"line":9,"column":21}},"9":{"start":{"line":10,"column":0},"end":{"line":10,"column":0}},"10":{"start":{"line":11,"column":0},"end":{"line":11,"column":9}},"11":{"start":{"line":12,"column":0},"end":{"line":12,"column":2}},"12":{"start":{"line":13,"column":0},"end":{"line":13,"column":0}},"13":{"start":{"line":14,"column":0},"end":{"line":14,"column":31}}},"s":{"0":1,"1":5,"2":5,"3":5,"4":5,"5":5,"6":5,"7":5,"8":5,"9":5,"10":5,"11":5,"12":1,"13":1},"branchMap":{"0":{"type":"branch","line":1,"loc":{"start":{"line":1,"column":24},"end":{"line":12,"column":2}},"locations":[{"start":{"line":1,"column":24},"end":{"line":12,"column":2}}]},"1":{"type":"branch","line":2,"loc":{"start":{"line":2,"column":29},"end":{"line":2,"column":36}},"locations":[{"start":{"line":2,"column":29},"end":{"line":2,"column":36}}]}},"b":{"0":[5],"1":[0]},"fnMap":{"0":{"name":"errorMiddleware","decl":{"start":{"line":1,"column":24},"end":{"line":12,"column":2}},"loc":{"start":{"line":1,"column":24},"end":{"line":12,"column":2}},"line":1}},"f":{"0":5}}
,"E:\\Development\\Artificial Intelligence\\Practice Projects\\GCP\\Cloud Vision\\backend\\src\\middlewares\\option.middleware.js": {"path":"E:\\Development\\Artificial Intelligence\\Practice Projects\\GCP\\Cloud Vision\\backend\\src\\middlewares\\option.middleware.js","all":false,"statementMap":{"0":{"start":{"line":1,"column":0},"end":{"line":1,"column":69}},"1":{"start":{"line":2,"column":0},"end":{"line":2,"column":60}},"2":{"start":{"line":3,"column":0},"end":{"line":3,"column":0}},"3":{"start":{"line":4,"column":0},"end":{"line":4,"column":45}},"4":{"start":{"line":5,"column":0},"end":{"line":5,"column":26}},"5":{"start":{"line":6,"column":0},"end":{"line":6,"column":29}},"6":{"start":{"line":7,"column":0},"end":{"line":7,"column":19}},"7":{"start":{"line":8,"column":0},"end":{"line":8,"column":47}},"8":{"start":{"line":9,"column":0},"end":{"line":9,"column":74}},"9":{"start":{"line":10,"column":0},"end":{"line":10,"column":7}},"10":{"start":{"line":11,"column":0},"end":{"line":11,"column":60}},"11":{"start":{"line":12,"column":0},"end":{"line":12,"column":8}},"12":{"start":{"line":13,"column":0},"end":{"line":13,"column":7}},"13":{"start":{"line":14,"column":0},"end":{"line":14,"column":3}},"14":{"start":{"line":15,"column":0},"end":{"line":15,"column":51}},"15":{"start":{"line":16,"column":0},"end":{"line":16,"column":29}},"16":{"start":{"line":17,"column":0},"end":{"line":17,"column":19}},"17":{"start":{"line":18,"column":0},"end":{"line":18,"column":65}},"18":{"start":{"line":19,"column":0},"end":{"line":19,"column":7}},"19":{"start":{"line":20,"column":0},"end":{"line":20,"column":60}},"20":{"start":{"line":21,"column":0},"end":{"line":21,"column":8}},"21":{"start":{"line":22,"column":0},"end":{"line":22,"column":7}},"22":{"start":{"line":23,"column":0},"end":{"line":23,"column":3}},"23":{"start":{"line":24,"column":0},"end":{"line":24,"column":9}},"24":{"start":{"line":25,"column":0},"end":{"line":25,"column":2}},"25":{"start":{"line":26,"column":0},"end":{"line":26,"column":0}},"26":{"start":{"line":27,"column":0},"end":{"line":27,"column":31}}},"s":{"0":1,"1":1,"2":1,"3":1,"4":5,"5":1,"6":1,"7":1,"8":1,"9":1,"10":1,"11":1,"12":1,"13":1,"14":5,"15":1,"16":1,"17":1,"18":1,"19":1,"20":1,"21":1,"22":1,"23":3,"24":3,"25":1,"26":1},"branchMap":{"0":{"type":"branch","line":4,"loc":{"start":{"line":4,"column":24},"end":{"line":25,"column":2}},"locations":[{"start":{"line":4,"column":24},"end":{"line":25,"column":2}}]},"1":{"type":"branch","line":5,"loc":{"start":{"line":5,"column":25},"end":{"line":14,"column":3}},"locations":[{"start":{"line":5,"column":25},"end":{"line":14,"column":3}}]},"2":{"type":"branch","line":14,"loc":{"start":{"line":14,"column":2},"end":{"line":15,"column":50}},"locations":[{"start":{"line":14,"column":2},"end":{"line":15,"column":50}}]},"3":{"type":"branch","line":15,"loc":{"start":{"line":15,"column":50},"end":{"line":23,"column":3}},"locations":[{"start":{"line":15,"column":50},"end":{"line":23,"column":3}}]},"4":{"type":"branch","line":23,"loc":{"start":{"line":23,"column":2},"end":{"line":25,"column":2}},"locations":[{"start":{"line":23,"column":2},"end":{"line":25,"column":2}}]}},"b":{"0":[5],"1":[1],"2":[4],"3":[1],"4":[3]},"fnMap":{"0":{"name":"optionValidator","decl":{"start":{"line":4,"column":24},"end":{"line":25,"column":2}},"loc":{"start":{"line":4,"column":24},"end":{"line":25,"column":2}},"line":4}},"f":{"0":5}}
,"E:\\Development\\Artificial Intelligence\\Practice Projects\\GCP\\Cloud Vision\\backend\\src\\middlewares\\upload.middleware.js": {"path":"E:\\Development\\Artificial Intelligence\\Practice Projects\\GCP\\Cloud Vision\\backend\\src\\middlewares\\upload.middleware.js","all":false,"statementMap":{"0":{"start":{"line":1,"column":0},"end":{"line":1,"column":28}},"1":{"start":{"line":2,"column":0},"end":{"line":2,"column":60}},"2":{"start":{"line":3,"column":0},"end":{"line":3,"column":0}},"3":{"start":{"line":4,"column":0},"end":{"line":4,"column":23}},"4":{"start":{"line":5,"column":0},"end":{"line":5,"column":78}},"5":{"start":{"line":6,"column":0},"end":{"line":6,"column":90}},"6":{"start":{"line":7,"column":0},"end":{"line":7,"column":76}},"7":{"start":{"line":8,"column":0},"end":{"line":8,"column":75}},"8":{"start":{"line":9,"column":0},"end":{"line":9,"column":31}},"9":{"start":{"line":10,"column":0},"end":{"line":10,"column":34}},"10":{"start":{"line":11,"column":0},"end":{"line":11,"column":11}},"11":{"start":{"line":12,"column":0},"end":{"line":12,"column":37}},"12":{"start":{"line":13,"column":0},"end":{"line":13,"column":64}},"13":{"start":{"line":14,"column":0},"end":{"line":14,"column":56}},"14":{"start":{"line":15,"column":0},"end":{"line":15,"column":39}},"15":{"start":{"line":16,"column":0},"end":{"line":16,"column":4}},"16":{"start":{"line":17,"column":0},"end":{"line":17,"column":69}},"17":{"start":{"line":18,"column":0},"end":{"line":18,"column":40}},"18":{"start":{"line":19,"column":0},"end":{"line":19,"column":8}},"19":{"start":{"line":20,"column":0},"end":{"line":20,"column":35}},"20":{"start":{"line":21,"column":0},"end":{"line":21,"column":39}},"21":{"start":{"line":22,"column":0},"end":{"line":22,"column":38}},"22":{"start":{"line":23,"column":0},"end":{"line":23,"column":7}},"23":{"start":{"line":24,"column":0},"end":{"line":24,"column":34}},"24":{"start":{"line":25,"column":0},"end":{"line":25,"column":5}},"25":{"start":{"line":26,"column":0},"end":{"line":26,"column":0}},"26":{"start":{"line":27,"column":0},"end":{"line":27,"column":13}},"27":{"start":{"line":28,"column":0},"end":{"line":28,"column":16}},"28":{"start":{"line":29,"column":0},"end":{"line":29,"column":50}},"29":{"start":{"line":30,"column":0},"end":{"line":30,"column":63}},"30":{"start":{"line":31,"column":0},"end":{"line":31,"column":8}},"31":{"start":{"line":32,"column":0},"end":{"line":32,"column":12}},"32":{"start":{"line":33,"column":0},"end":{"line":33,"column":6}},"33":{"start":{"line":34,"column":0},"end":{"line":34,"column":4}},"34":{"start":{"line":35,"column":0},"end":{"line":35,"column":3}},"35":{"start":{"line":36,"column":0},"end":{"line":36,"column":0}},"36":{"start":{"line":37,"column":0},"end":{"line":37,"column":49}},"37":{"start":{"line":38,"column":0},"end":{"line":38,"column":0}},"38":{"start":{"line":39,"column":0},"end":{"line":39,"column":46}},"39":{"start":{"line":40,"column":0},"end":{"line":40,"column":42}},"40":{"start":{"line":41,"column":0},"end":{"line":41,"column":16}},"41":{"start":{"line":42,"column":0},"end":{"line":42,"column":61}},"42":{"start":{"line":43,"column":0},"end":{"line":43,"column":5}},"43":{"start":{"line":44,"column":0},"end":{"line":44,"column":0}},"44":{"start":{"line":45,"column":0},"end":{"line":45,"column":11}},"45":{"start":{"line":46,"column":0},"end":{"line":46,"column":5}},"46":{"start":{"line":47,"column":0},"end":{"line":47,"column":2}},"47":{"start":{"line":48,"column":0},"end":{"line":48,"column":0}},"48":{"start":{"line":49,"column":0},"end":{"line":49,"column":32}}},"s":{"0":1,"1":1,"2":1,"3":1,"4":1,"5":1,"6":1,"7":1,"8":1,"9":1,"10":1,"11":1,"12":1,"13":1,"14":1,"15":1,"16":1,"17":1,"18":2,"19":2,"20":2,"21":2,"22":2,"23":0,"24":0,"25":2,"26":2,"27":2,"28":2,"29":2,"30":2,"31":2,"32":2,"33":2,"34":1,"35":1,"36":1,"37":1,"38":1,"39":3,"40":3,"41":2,"42":2,"43":1,"44":1,"45":3,"46":3,"47":1,"48":1},"branchMap":{"0":{"type":"branch","line":18,"loc":{"start":{"line":18,"column":14},"end":{"line":34,"column":4}},"locations":[{"start":{"line":18,"column":14},"end":{"line":34,"column":4}}]},"1":{"type":"branch","line":23,"loc":{"start":{"line":23,"column":6},"end":{"line":25,"column":5}},"locations":[{"start":{"line":23,"column":6},"end":{"line":25,"column":5}}]},"2":{"type":"branch","line":39,"loc":{"start":{"line":39,"column":25},"end":{"line":47,"column":2}},"locations":[{"start":{"line":39,"column":25},"end":{"line":47,"column":2}}]},"3":{"type":"branch","line":40,"loc":{"start":{"line":40,"column":31},"end":{"line":46,"column":3}},"locations":[{"start":{"line":40,"column":31},"end":{"line":46,"column":3}}]},"4":{"type":"branch","line":41,"loc":{"start":{"line":41,"column":15},"end":{"line":43,"column":5}},"locations":[{"start":{"line":41,"column":15},"end":{"line":43,"column":5}}]},"5":{"type":"branch","line":43,"loc":{"start":{"line":43,"column":4},"end":{"line":46,"column":3}},"locations":[{"start":{"line":43,"column":4},"end":{"line":46,"column":3}}]}},"b":{"0":[2],"1":[0],"2":[3],"3":[3],"4":[2],"5":[1]},"fnMap":{"0":{"name":"fileFilter","decl":{"start":{"line":18,"column":14},"end":{"line":34,"column":4}},"loc":{"start":{"line":18,"column":14},"end":{"line":34,"column":4}},"line":18},"1":{"name":"uploadMiddleware","decl":{"start":{"line":39,"column":25},"end":{"line":47,"column":2}},"loc":{"start":{"line":39,"column":25},"end":{"line":47,"column":2}},"line":39}},"f":{"0":2,"1":3}}
,"E:\\Development\\Artificial Intelligence\\Practice Projects\\GCP\\Cloud Vision\\backend\\src\\routes\\CloudVisionRouter.js": {"path":"E:\\Development\\Artificial Intelligence\\Practice Projects\\GCP\\Cloud Vision\\backend\\src\\routes\\CloudVisionRouter.js","all":false,"statementMap":{"0":{"start":{"line":1,"column":0},"end":{"line":1,"column":33}},"1":{"start":{"line":2,"column":0},"end":{"line":2,"column":76}},"2":{"start":{"line":3,"column":0},"end":{"line":3,"column":0}},"3":{"start":{"line":4,"column":0},"end":{"line":4,"column":66}},"4":{"start":{"line":5,"column":0},"end":{"line":5,"column":67}},"5":{"start":{"line":6,"column":0},"end":{"line":6,"column":0}},"6":{"start":{"line":7,"column":0},"end":{"line":7,"column":24}},"7":{"start":{"line":8,"column":0},"end":{"line":8,"column":0}},"8":{"start":{"line":9,"column":0},"end":{"line":9,"column":110}},"9":{"start":{"line":10,"column":0},"end":{"line":10,"column":0}},"10":{"start":{"line":11,"column":0},"end":{"line":11,"column":22}}},"s":{"0":1,"1":1,"2":1,"3":1,"4":1,"5":1,"6":1,"7":1,"8":1,"9":1,"10":1},"branchMap":{},"b":{},"fnMap":{},"f":{}}
,"E:\\Development\\Artificial Intelligence\\Practice Projects\\GCP\\Cloud Vision\\backend\\src\\utils\\functions\\executeCloudVisionOption.js": {"path":"E:\\Development\\Artificial Intelligence\\Practice Projects\\GCP\\Cloud Vision\\backend\\src\\utils\\functions\\executeCloudVisionOption.js","all":false,"statementMap":{"0":{"start":{"line":1,"column":0},"end":{"line":1,"column":70}},"1":{"start":{"line":2,"column":0},"end":{"line":2,"column":0}},"2":{"start":{"line":3,"column":0},"end":{"line":3,"column":3}},"3":{"start":{"line":4,"column":0},"end":{"line":4,"column":98}},"4":{"start":{"line":5,"column":0},"end":{"line":5,"column":23}},"5":{"start":{"line":6,"column":0},"end":{"line":6,"column":89}},"6":{"start":{"line":7,"column":0},"end":{"line":7,"column":96}},"7":{"start":{"line":8,"column":0},"end":{"line":8,"column":80}},"8":{"start":{"line":9,"column":0},"end":{"line":9,"column":3}},"9":{"start":{"line":10,"column":0},"end":{"line":10,"column":0}},"10":{"start":{"line":11,"column":0},"end":{"line":11,"column":88}},"11":{"start":{"line":12,"column":0},"end":{"line":12,"column":0}},"12":{"start":{"line":13,"column":0},"end":{"line":13,"column":40}}},"s":{"0":1,"1":1,"2":1,"3":1,"4":1,"5":1,"6":1,"7":1,"8":1,"9":1,"10":1,"11":1,"12":1},"branchMap":{},"b":{},"fnMap":{"0":{"name":"executeCloudVisionOption","decl":{"start":{"line":11,"column":33},"end":{"line":11,"column":87}},"loc":{"start":{"line":11,"column":33},"end":{"line":11,"column":87}},"line":11}},"f":{"0":0}}
,"E:\\Development\\Artificial Intelligence\\Practice Projects\\GCP\\Cloud Vision\\backend\\src\\utils\\objects\\CloudVisionAPIHelper.js": {"path":"E:\\Development\\Artificial Intelligence\\Practice Projects\\GCP\\Cloud Vision\\backend\\src\\utils\\objects\\CloudVisionAPIHelper.js","all":false,"statementMap":{"0":{"start":{"line":1,"column":0},"end":{"line":1,"column":42}},"1":{"start":{"line":2,"column":0},"end":{"line":2,"column":24}},"2":{"start":{"line":3,"column":0},"end":{"line":3,"column":72}},"3":{"start":{"line":4,"column":0},"end":{"line":4,"column":0}},"4":{"start":{"line":5,"column":0},"end":{"line":5,"column":45}},"5":{"start":{"line":6,"column":0},"end":{"line":6,"column":48}},"6":{"start":{"line":7,"column":0},"end":{"line":7,"column":58}},"7":{"start":{"line":8,"column":0},"end":{"line":8,"column":3}},"8":{"start":{"line":9,"column":0},"end":{"line":9,"column":0}},"9":{"start":{"line":10,"column":0},"end":{"line":10,"column":30}},"10":{"start":{"line":11,"column":0},"end":{"line":11,"column":58}},"11":{"start":{"line":12,"column":0},"end":{"line":12,"column":9}},"12":{"start":{"line":13,"column":0},"end":{"line":13,"column":55}},"13":{"start":{"line":14,"column":0},"end":{"line":14,"column":0}},"14":{"start":{"line":15,"column":0},"end":{"line":15,"column":28}},"15":{"start":{"line":16,"column":0},"end":{"line":16,"column":49}},"16":{"start":{"line":17,"column":0},"end":{"line":17,"column":7}},"17":{"start":{"line":18,"column":0},"end":{"line":18,"column":0}},"18":{"start":{"line":19,"column":0},"end":{"line":19,"column":39}},"19":{"start":{"line":20,"column":0},"end":{"line":20,"column":21}},"20":{"start":{"line":21,"column":0},"end":{"line":21,"column":37}},"21":{"start":{"line":22,"column":0},"end":{"line":22,"column":5}},"22":{"start":{"line":23,"column":0},"end":{"line":23,"column":4}},"23":{"start":{"line":24,"column":0},"end":{"line":24,"column":0}},"24":{"start":{"line":25,"column":0},"end":{"line":25,"column":59}},"25":{"start":{"line":26,"column":0},"end":{"line":26,"column":9}},"26":{"start":{"line":27,"column":0},"end":{"line":27,"column":56}},"27":{"start":{"line":28,"column":0},"end":{"line":28,"column":0}},"28":{"start":{"line":29,"column":0},"end":{"line":29,"column":28}},"29":{"start":{"line":30,"column":0},"end":{"line":30,"column":49}},"30":{"start":{"line":31,"column":0},"end":{"line":31,"column":7}},"31":{"start":{"line":32,"column":0},"end":{"line":32,"column":0}},"32":{"start":{"line":33,"column":0},"end":{"line":33,"column":40}},"33":{"start":{"line":34,"column":0},"end":{"line":34,"column":21}},"34":{"start":{"line":35,"column":0},"end":{"line":35,"column":37}},"35":{"start":{"line":36,"column":0},"end":{"line":36,"column":5}},"36":{"start":{"line":37,"column":0},"end":{"line":37,"column":4}},"37":{"start":{"line":38,"column":0},"end":{"line":38,"column":0}},"38":{"start":{"line":39,"column":0},"end":{"line":39,"column":62}},"39":{"start":{"line":40,"column":0},"end":{"line":40,"column":9}},"40":{"start":{"line":41,"column":0},"end":{"line":41,"column":59}},"41":{"start":{"line":42,"column":0},"end":{"line":42,"column":0}},"42":{"start":{"line":43,"column":0},"end":{"line":43,"column":28}},"43":{"start":{"line":44,"column":0},"end":{"line":44,"column":49}},"44":{"start":{"line":45,"column":0},"end":{"line":45,"column":7}},"45":{"start":{"line":46,"column":0},"end":{"line":46,"column":0}},"46":{"start":{"line":47,"column":0},"end":{"line":47,"column":43}},"47":{"start":{"line":48,"column":0},"end":{"line":48,"column":21}},"48":{"start":{"line":49,"column":0},"end":{"line":49,"column":37}},"49":{"start":{"line":50,"column":0},"end":{"line":50,"column":5}},"50":{"start":{"line":51,"column":0},"end":{"line":51,"column":4}},"51":{"start":{"line":52,"column":0},"end":{"line":52,"column":0}},"52":{"start":{"line":53,"column":0},"end":{"line":53,"column":63}},"53":{"start":{"line":54,"column":0},"end":{"line":54,"column":9}},"54":{"start":{"line":55,"column":0},"end":{"line":55,"column":60}},"55":{"start":{"line":56,"column":0},"end":{"line":56,"column":0}},"56":{"start":{"line":57,"column":0},"end":{"line":57,"column":28}},"57":{"start":{"line":58,"column":0},"end":{"line":58,"column":49}},"58":{"start":{"line":59,"column":0},"end":{"line":59,"column":7}},"59":{"start":{"line":60,"column":0},"end":{"line":60,"column":0}},"60":{"start":{"line":61,"column":0},"end":{"line":61,"column":50}},"61":{"start":{"line":62,"column":0},"end":{"line":62,"column":21}},"62":{"start":{"line":63,"column":0},"end":{"line":63,"column":37}},"63":{"start":{"line":64,"column":0},"end":{"line":64,"column":5}},"64":{"start":{"line":65,"column":0},"end":{"line":65,"column":4}},"65":{"start":{"line":66,"column":0},"end":{"line":66,"column":0}},"66":{"start":{"line":67,"column":0},"end":{"line":67,"column":65}},"67":{"start":{"line":68,"column":0},"end":{"line":68,"column":9}},"68":{"start":{"line":69,"column":0},"end":{"line":69,"column":61}},"69":{"start":{"line":70,"column":0},"end":{"line":70,"column":0}},"70":{"start":{"line":71,"column":0},"end":{"line":71,"column":28}},"71":{"start":{"line":72,"column":0},"end":{"line":72,"column":49}},"72":{"start":{"line":73,"column":0},"end":{"line":73,"column":7}},"73":{"start":{"line":74,"column":0},"end":{"line":74,"column":0}},"74":{"start":{"line":75,"column":0},"end":{"line":75,"column":44}},"75":{"start":{"line":76,"column":0},"end":{"line":76,"column":21}},"76":{"start":{"line":77,"column":0},"end":{"line":77,"column":37}},"77":{"start":{"line":78,"column":0},"end":{"line":78,"column":5}},"78":{"start":{"line":79,"column":0},"end":{"line":79,"column":4}},"79":{"start":{"line":80,"column":0},"end":{"line":80,"column":0}},"80":{"start":{"line":81,"column":0},"end":{"line":81,"column":57}},"81":{"start":{"line":82,"column":0},"end":{"line":82,"column":9}},"82":{"start":{"line":83,"column":0},"end":{"line":83,"column":54}},"83":{"start":{"line":84,"column":0},"end":{"line":84,"column":0}},"84":{"start":{"line":85,"column":0},"end":{"line":85,"column":28}},"85":{"start":{"line":86,"column":0},"end":{"line":86,"column":49}},"86":{"start":{"line":87,"column":0},"end":{"line":87,"column":7}},"87":{"start":{"line":88,"column":0},"end":{"line":88,"column":0}},"88":{"start":{"line":89,"column":0},"end":{"line":89,"column":36}},"89":{"start":{"line":90,"column":0},"end":{"line":90,"column":21}},"90":{"start":{"line":91,"column":0},"end":{"line":91,"column":37}},"91":{"start":{"line":92,"column":0},"end":{"line":92,"column":5}},"92":{"start":{"line":93,"column":0},"end":{"line":93,"column":4}},"93":{"start":{"line":94,"column":0},"end":{"line":94,"column":0}},"94":{"start":{"line":95,"column":0},"end":{"line":95,"column":67}},"95":{"start":{"line":96,"column":0},"end":{"line":96,"column":9}},"96":{"start":{"line":97,"column":0},"end":{"line":97,"column":63}},"97":{"start":{"line":98,"column":0},"end":{"line":98,"column":42}},"98":{"start":{"line":99,"column":0},"end":{"line":99,"column":21}},"99":{"start":{"line":100,"column":0},"end":{"line":100,"column":37}},"100":{"start":{"line":101,"column":0},"end":{"line":101,"column":5}},"101":{"start":{"line":102,"column":0},"end":{"line":102,"column":4}},"102":{"start":{"line":103,"column":0},"end":{"line":103,"column":0}},"103":{"start":{"line":104,"column":0},"end":{"line":104,"column":58}},"104":{"start":{"line":105,"column":0},"end":{"line":105,"column":9}},"105":{"start":{"line":106,"column":0},"end":{"line":106,"column":55}},"106":{"start":{"line":107,"column":0},"end":{"line":107,"column":42}},"107":{"start":{"line":108,"column":0},"end":{"line":108,"column":21}},"108":{"start":{"line":109,"column":0},"end":{"line":109,"column":37}},"109":{"start":{"line":110,"column":0},"end":{"line":110,"column":5}},"110":{"start":{"line":111,"column":0},"end":{"line":111,"column":4}},"111":{"start":{"line":112,"column":0},"end":{"line":112,"column":2}},"112":{"start":{"line":113,"column":0},"end":{"line":113,"column":0}},"113":{"start":{"line":114,"column":0},"end":{"line":114,"column":36}}},"s":{"0":1,"1":1,"2":1,"3":1,"4":1,"5":1,"6":1,"7":1,"8":1,"9":1,"10":1,"11":0,"12":0,"13":0,"14":0,"15":0,"16":0,"17":0,"18":0,"19":0,"20":0,"21":0,"22":1,"23":1,"24":1,"25":0,"26":0,"27":0,"28":0,"29":0,"30":0,"31":0,"32":0,"33":0,"34":0,"35":0,"36":1,"37":1,"38":1,"39":0,"40":0,"41":0,"42":0,"43":0,"44":0,"45":0,"46":0,"47":0,"48":0,"49":0,"50":1,"51":1,"52":1,"53":0,"54":0,"55":0,"56":0,"57":0,"58":0,"59":0,"60":0,"61":0,"62":0,"63":0,"64":1,"65":1,"66":1,"67":0,"68":0,"69":0,"70":0,"71":0,"72":0,"73":0,"74":0,"75":0,"76":0,"77":0,"78":1,"79":1,"80":1,"81":0,"82":0,"83":0,"84":0,"85":0,"86":0,"87":0,"88":0,"89":0,"90":0,"91":0,"92":1,"93":1,"94":1,"95":0,"96":0,"97":0,"98":0,"99":0,"100":0,"101":1,"102":1,"103":1,"104":0,"105":0,"106":0,"107":0,"108":0,"109":0,"110":0,"111":1,"112":1,"113":1},"branchMap":{},"b":{},"fnMap":{"0":{"name":"CloudVisionAPIHelper","decl":{"start":{"line":11,"column":40},"end":{"line":23,"column":3}},"loc":{"start":{"line":11,"column":40},"end":{"line":23,"column":3}},"line":11},"1":{"name":"CloudVisionAPIHelper","decl":{"start":{"line":25,"column":41},"end":{"line":37,"column":3}},"loc":{"start":{"line":25,"column":41},"end":{"line":37,"column":3}},"line":25},"2":{"name":"CloudVisionAPIHelper","decl":{"start":{"line":39,"column":44},"end":{"line":51,"column":3}},"loc":{"start":{"line":39,"column":44},"end":{"line":51,"column":3}},"line":39},"3":{"name":"CloudVisionAPIHelper","decl":{"start":{"line":53,"column":45},"end":{"line":65,"column":3}},"loc":{"start":{"line":53,"column":45},"end":{"line":65,"column":3}},"line":53},"4":{"name":"CloudVisionAPIHelper","decl":{"start":{"line":67,"column":47},"end":{"line":79,"column":3}},"loc":{"start":{"line":67,"column":47},"end":{"line":79,"column":3}},"line":67},"5":{"name":"CloudVisionAPIHelper","decl":{"start":{"line":81,"column":39},"end":{"line":93,"column":3}},"loc":{"start":{"line":81,"column":39},"end":{"line":93,"column":3}},"line":81},"6":{"name":"CloudVisionAPIHelper","decl":{"start":{"line":95,"column":49},"end":{"line":102,"column":3}},"loc":{"start":{"line":95,"column":49},"end":{"line":102,"column":3}},"line":95},"7":{"name":"CloudVisionAPIHelper","decl":{"start":{"line":104,"column":40},"end":{"line":111,"column":4}},"loc":{"start":{"line":104,"column":40},"end":{"line":111,"column":4}},"line":104}},"f":{"0":0,"1":0,"2":0,"3":0,"4":0,"5":0,"6":0,"7":0}}
,"E:\\Development\\Artificial Intelligence\\Practice Projects\\GCP\\Cloud Vision\\backend\\src\\utils\\objects\\CustomErrors.js": {"path":"E:\\Development\\Artificial Intelligence\\Practice Projects\\GCP\\Cloud Vision\\backend\\src\\utils\\objects\\CustomErrors.js","all":false,"statementMap":{"0":{"start":{"line":1,"column":0},"end":{"line":1,"column":34}},"1":{"start":{"line":2,"column":0},"end":{"line":2,"column":65}},"2":{"start":{"line":3,"column":0},"end":{"line":3,"column":12}},"3":{"start":{"line":4,"column":0},"end":{"line":4,"column":27}},"4":{"start":{"line":5,"column":0},"end":{"line":5,"column":33}},"5":{"start":{"line":6,"column":0},"end":{"line":6,"column":55}},"6":{"start":{"line":7,"column":0},"end":{"line":7,"column":3}},"7":{"start":{"line":8,"column":0},"end":{"line":8,"column":1}},"8":{"start":{"line":9,"column":0},"end":{"line":9,"column":0}},"9":{"start":{"line":10,"column":0},"end":{"line":10,"column":39}},"10":{"start":{"line":11,"column":0},"end":{"line":11,"column":47}},"11":{"start":{"line":12,"column":0},"end":{"line":12,"column":47}},"12":{"start":{"line":13,"column":0},"end":{"line":13,"column":3}},"13":{"start":{"line":14,"column":0},"end":{"line":14,"column":1}},"14":{"start":{"line":15,"column":0},"end":{"line":15,"column":0}},"15":{"start":{"line":16,"column":0},"end":{"line":16,"column":37}},"16":{"start":{"line":17,"column":0},"end":{"line":17,"column":47}},"17":{"start":{"line":18,"column":0},"end":{"line":18,"column":47}},"18":{"start":{"line":19,"column":0},"end":{"line":19,"column":3}},"19":{"start":{"line":20,"column":0},"end":{"line":20,"column":1}},"20":{"start":{"line":21,"column":0},"end":{"line":21,"column":0}},"21":{"start":{"line":22,"column":0},"end":{"line":22,"column":8}},"22":{"start":{"line":23,"column":0},"end":{"line":23,"column":11}},"23":{"start":{"line":24,"column":0},"end":{"line":24,"column":13}},"24":{"start":{"line":25,"column":0},"end":{"line":25,"column":2}}},"s":{"0":1,"1":1,"2":5,"3":5,"4":5,"5":5,"6":5,"7":1,"8":1,"9":1,"10":1,"11":5,"12":5,"13":1,"14":1,"15":1,"16":1,"17":0,"18":0,"19":1,"20":1,"21":1,"22":1,"23":1,"24":1},"branchMap":{"0":{"type":"branch","line":2,"loc":{"start":{"line":2,"column":2},"end":{"line":7,"column":3}},"locations":[{"start":{"line":2,"column":2},"end":{"line":7,"column":3}}]},"1":{"type":"branch","line":11,"loc":{"start":{"line":11,"column":2},"end":{"line":13,"column":3}},"locations":[{"start":{"line":11,"column":2},"end":{"line":13,"column":3}}]}},"b":{"0":[5],"1":[5]},"fnMap":{"0":{"name":"GeneralError","decl":{"start":{"line":2,"column":2},"end":{"line":7,"column":3}},"loc":{"start":{"line":2,"column":2},"end":{"line":7,"column":3}},"line":2},"1":{"name":"BadRequest","decl":{"start":{"line":11,"column":2},"end":{"line":13,"column":3}},"loc":{"start":{"line":11,"column":2},"end":{"line":13,"column":3}},"line":11},"2":{"name":"NotFound","decl":{"start":{"line":17,"column":2},"end":{"line":19,"column":3}},"loc":{"start":{"line":17,"column":2},"end":{"line":19,"column":3}},"line":17}},"f":{"0":5,"1":5,"2":0}}
,"E:\\Development\\Artificial Intelligence\\Practice Projects\\GCP\\Cloud Vision\\backend\\src\\utils\\objects\\ErrorFactory.js": {"path":"E:\\Development\\Artificial Intelligence\\Practice Projects\\GCP\\Cloud Vision\\backend\\src\\utils\\objects\\ErrorFactory.js","all":false,"statementMap":{"0":{"start":{"line":1,"column":0},"end":{"line":1,"column":57}},"1":{"start":{"line":2,"column":0},"end":{"line":2,"column":0}},"2":{"start":{"line":3,"column":0},"end":{"line":3,"column":2}},"3":{"start":{"line":4,"column":0},"end":{"line":4,"column":78}},"4":{"start":{"line":5,"column":0},"end":{"line":5,"column":92}},"5":{"start":{"line":6,"column":0},"end":{"line":6,"column":68}},"6":{"start":{"line":7,"column":0},"end":{"line":7,"column":80}},"7":{"start":{"line":8,"column":0},"end":{"line":8,"column":75}},"8":{"start":{"line":9,"column":0},"end":{"line":9,"column":0}},"9":{"start":{"line":10,"column":0},"end":{"line":10,"column":88}},"10":{"start":{"line":11,"column":0},"end":{"line":11,"column":46}},"11":{"start":{"line":12,"column":0},"end":{"line":12,"column":0}},"12":{"start":{"line":13,"column":0},"end":{"line":13,"column":99}},"13":{"start":{"line":14,"column":0},"end":{"line":14,"column":87}},"14":{"start":{"line":15,"column":0},"end":{"line":15,"column":48}},"15":{"start":{"line":16,"column":0},"end":{"line":16,"column":0}},"16":{"start":{"line":17,"column":0},"end":{"line":17,"column":87}},"17":{"start":{"line":18,"column":0},"end":{"line":18,"column":67}},"18":{"start":{"line":19,"column":0},"end":{"line":19,"column":0}},"19":{"start":{"line":20,"column":0},"end":{"line":20,"column":2}},"20":{"start":{"line":21,"column":0},"end":{"line":21,"column":0}},"21":{"start":{"line":22,"column":0},"end":{"line":22,"column":64}},"22":{"start":{"line":23,"column":0},"end":{"line":23,"column":17}},"23":{"start":{"line":24,"column":0},"end":{"line":24,"column":77}},"24":{"start":{"line":25,"column":0},"end":{"line":25,"column":73}},"25":{"start":{"line":26,"column":0},"end":{"line":26,"column":14}},"26":{"start":{"line":27,"column":0},"end":{"line":27,"column":46}},"27":{"start":{"line":28,"column":0},"end":{"line":28,"column":5}},"28":{"start":{"line":29,"column":0},"end":{"line":29,"column":3}},"29":{"start":{"line":30,"column":0},"end":{"line":30,"column":2}},"30":{"start":{"line":31,"column":0},"end":{"line":31,"column":0}},"31":{"start":{"line":32,"column":0},"end":{"line":32,"column":28}}},"s":{"0":1,"1":1,"2":1,"3":1,"4":1,"5":1,"6":1,"7":1,"8":1,"9":1,"10":1,"11":1,"12":1,"13":1,"14":1,"15":1,"16":1,"17":1,"18":1,"19":1,"20":1,"21":1,"22":5,"23":5,"24":5,"25":5,"26":0,"27":0,"28":5,"29":5,"30":1,"31":1},"branchMap":{"0":{"type":"branch","line":22,"loc":{"start":{"line":22,"column":21},"end":{"line":30,"column":2}},"locations":[{"start":{"line":22,"column":21},"end":{"line":30,"column":2}}]},"1":{"type":"branch","line":25,"loc":{"start":{"line":25,"column":4},"end":{"line":25,"column":73}},"locations":[{"start":{"line":25,"column":4},"end":{"line":25,"column":73}}]},"2":{"type":"branch","line":26,"loc":{"start":{"line":26,"column":4},"end":{"line":28,"column":5}},"locations":[{"start":{"line":26,"column":4},"end":{"line":28,"column":5}}]}},"b":{"0":[5],"1":[0],"2":[0]},"fnMap":{"0":{"name":"ErrorFactory","decl":{"start":{"line":22,"column":21},"end":{"line":30,"column":2}},"loc":{"start":{"line":22,"column":21},"end":{"line":30,"column":2}},"line":22}},"f":{"0":5}}
}
