TN:
SF:src\index.js
FNF:0
FNH:0
DA:1,1
DA:2,1
DA:3,1
DA:4,1
DA:5,1
DA:6,1
DA:7,1
DA:8,1
DA:9,1
DA:10,1
DA:11,1
DA:12,1
DA:13,1
DA:14,1
DA:15,1
DA:16,1
DA:17,1
DA:18,0
DA:19,1
DA:20,1
DA:21,1
DA:22,1
DA:23,1
DA:24,1
DA:25,1
LF:25
LH:24
BRF:0
BRH:0
end_of_record
TN:
SF:src\constants\cloudvisionOptions.js
FNF:0
FNH:0
DA:1,1
DA:2,1
DA:3,1
DA:4,1
DA:5,1
DA:6,1
DA:7,1
DA:8,1
DA:9,1
DA:10,1
DA:11,1
DA:12,1
LF:12
LH:12
BRF:0
BRH:0
end_of_record
TN:
SF:src\controllers\CloudVisionController.js
FN:5,useCloudVisionAPI
FNF:1
FNH:1
FNDA:1,useCloudVisionAPI
DA:1,1
DA:2,1
DA:3,1
DA:4,1
DA:5,1
DA:6,1
DA:7,1
DA:8,0
DA:9,0
DA:10,0
DA:11,0
DA:12,0
DA:13,0
DA:14,0
DA:15,0
DA:16,0
DA:17,1
DA:18,1
DA:19,1
DA:20,1
LF:20
LH:11
BRDA:5,0,0,1
BRDA:7,1,0,0
BRF:2
BRH:1
end_of_record
TN:
SF:src\middlewares\error.middleware.js
FN:1,errorMiddleware
FNF:1
FNH:1
FNDA:5,errorMiddleware
DA:1,1
DA:2,5
DA:3,5
DA:4,5
DA:5,5
DA:6,5
DA:7,5
DA:8,5
DA:9,5
DA:10,5
DA:11,5
DA:12,5
DA:13,1
DA:14,1
LF:14
LH:14
BRDA:1,0,0,5
BRDA:2,1,0,0
BRF:2
BRH:1
end_of_record
TN:
SF:src\middlewares\option.middleware.js
FN:4,optionValidator
FNF:1
FNH:1
FNDA:5,optionValidator
DA:1,1
DA:2,1
DA:3,1
DA:4,1
DA:5,5
DA:6,1
DA:7,1
DA:8,1
DA:9,1
DA:10,1
DA:11,1
DA:12,1
DA:13,1
DA:14,1
DA:15,5
DA:16,1
DA:17,1
DA:18,1
DA:19,1
DA:20,1
DA:21,1
DA:22,1
DA:23,1
DA:24,3
DA:25,3
DA:26,1
DA:27,1
LF:27
LH:27
BRDA:4,0,0,5
BRDA:5,1,0,1
BRDA:14,2,0,4
BRDA:15,3,0,1
BRDA:23,4,0,3
BRF:5
BRH:5
end_of_record
TN:
SF:src\middlewares\upload.middleware.js
FN:18,fileFilter
FN:39,uploadMiddleware
FNF:2
FNH:2
FNDA:2,fileFilter
FNDA:3,uploadMiddleware
DA:1,1
DA:2,1
DA:3,1
DA:4,1
DA:5,1
DA:6,1
DA:7,1
DA:8,1
DA:9,1
DA:10,1
DA:11,1
DA:12,1
DA:13,1
DA:14,1
DA:15,1
DA:16,1
DA:17,1
DA:18,1
DA:19,2
DA:20,2
DA:21,2
DA:22,2
DA:23,2
DA:24,0
DA:25,0
DA:26,2
DA:27,2
DA:28,2
DA:29,2
DA:30,2
DA:31,2
DA:32,2
DA:33,2
DA:34,2
DA:35,1
DA:36,1
DA:37,1
DA:38,1
DA:39,1
DA:40,3
DA:41,3
DA:42,2
DA:43,2
DA:44,1
DA:45,1
DA:46,3
DA:47,3
DA:48,1
DA:49,1
LF:49
LH:47
BRDA:18,0,0,2
BRDA:23,1,0,0
BRDA:39,2,0,3
BRDA:40,3,0,3
BRDA:41,4,0,2
BRDA:43,5,0,1
BRF:6
BRH:5
end_of_record
TN:
SF:src\routes\CloudVisionRouter.js
FNF:0
FNH:0
DA:1,1
DA:2,1
DA:3,1
DA:4,1
DA:5,1
DA:6,1
DA:7,1
DA:8,1
DA:9,1
DA:10,1
DA:11,1
LF:11
LH:11
BRF:0
BRH:0
end_of_record
TN:
SF:src\utils\functions\executeCloudVisionOption.js
FN:11,executeCloudVisionOption
FNF:1
FNH:0
FNDA:0,executeCloudVisionOption
DA:1,1
DA:2,1
DA:3,1
DA:4,1
DA:5,1
DA:6,1
DA:7,1
DA:8,1
DA:9,1
DA:10,1
DA:11,1
DA:12,1
DA:13,1
LF:13
LH:13
BRF:0
BRH:0
end_of_record
TN:
SF:src\utils\objects\CloudVisionAPIHelper.js
FN:11,CloudVisionAPIHelper
FN:25,CloudVisionAPIHelper
FN:39,CloudVisionAPIHelper
FN:53,CloudVisionAPIHelper
FN:67,CloudVisionAPIHelper
FN:81,CloudVisionAPIHelper
FN:95,CloudVisionAPIHelper
FN:104,CloudVisionAPIHelper
FNF:8
FNH:0
FNDA:0,CloudVisionAPIHelper
FNDA:0,CloudVisionAPIHelper
FNDA:0,CloudVisionAPIHelper
FNDA:0,CloudVisionAPIHelper
FNDA:0,CloudVisionAPIHelper
FNDA:0,CloudVisionAPIHelper
FNDA:0,CloudVisionAPIHelper
FNDA:0,CloudVisionAPIHelper
DA:1,1
DA:2,1
DA:3,1
DA:4,1
DA:5,1
DA:6,1
DA:7,1
DA:8,1
DA:9,1
DA:10,1
DA:11,1
DA:12,0
DA:13,0
DA:14,0
DA:15,0
DA:16,0
DA:17,0
DA:18,0
DA:19,0
DA:20,0
DA:21,0
DA:22,0
DA:23,1
DA:24,1
DA:25,1
DA:26,0
DA:27,0
DA:28,0
DA:29,0
DA:30,0
DA:31,0
DA:32,0
DA:33,0
DA:34,0
DA:35,0
DA:36,0
DA:37,1
DA:38,1
DA:39,1
DA:40,0
DA:41,0
DA:42,0
DA:43,0
DA:44,0
DA:45,0
DA:46,0
DA:47,0
DA:48,0
DA:49,0
DA:50,0
DA:51,1
DA:52,1
DA:53,1
DA:54,0
DA:55,0
DA:56,0
DA:57,0
DA:58,0
DA:59,0
DA:60,0
DA:61,0
DA:62,0
DA:63,0
DA:64,0
DA:65,1
DA:66,1
DA:67,1
DA:68,0
DA:69,0
DA:70,0
DA:71,0
DA:72,0
DA:73,0
DA:74,0
DA:75,0
DA:76,0
DA:77,0
DA:78,0
DA:79,1
DA:80,1
DA:81,1
DA:82,0
DA:83,0
DA:84,0
DA:85,0
DA:86,0
DA:87,0
DA:88,0
DA:89,0
DA:90,0
DA:91,0
DA:92,0
DA:93,1
DA:94,1
DA:95,1
DA:96,0
DA:97,0
DA:98,0
DA:99,0
DA:100,0
DA:101,0
DA:102,1
DA:103,1
DA:104,1
DA:105,0
DA:106,0
DA:107,0
DA:108,0
DA:109,0
DA:110,0
DA:111,0
DA:112,1
DA:113,1
DA:114,1
LF:114
LH:35
BRF:0
BRH:0
end_of_record
TN:
SF:src\utils\objects\CustomErrors.js
FN:2,GeneralError
FN:11,BadRequest
FN:17,NotFound
FNF:3
FNH:2
FNDA:5,GeneralError
FNDA:5,BadRequest
FNDA:0,NotFound
DA:1,1
DA:2,1
DA:3,5
DA:4,5
DA:5,5
DA:6,5
DA:7,5
DA:8,1
DA:9,1
DA:10,1
DA:11,1
DA:12,5
DA:13,5
DA:14,1
DA:15,1
DA:16,1
DA:17,1
DA:18,0
DA:19,0
DA:20,1
DA:21,1
DA:22,1
DA:23,1
DA:24,1
DA:25,1
LF:25
LH:23
BRDA:2,0,0,5
BRDA:11,1,0,5
BRF:2
BRH:2
end_of_record
TN:
SF:src\utils\objects\ErrorFactory.js
FN:22,ErrorFactory
FNF:1
FNH:1
FNDA:5,ErrorFactory
DA:1,1
DA:2,1
DA:3,1
DA:4,1
DA:5,1
DA:6,1
DA:7,1
DA:8,1
DA:9,1
DA:10,1
DA:11,1
DA:12,1
DA:13,1
DA:14,1
DA:15,1
DA:16,1
DA:17,1
DA:18,1
DA:19,1
DA:20,1
DA:21,1
DA:22,1
DA:23,5
DA:24,5
DA:25,5
DA:26,5
DA:27,0
DA:28,0
DA:29,5
DA:30,5
DA:31,1
DA:32,1
LF:32
LH:30
BRDA:22,0,0,5
BRDA:25,1,0,0
BRDA:26,2,0,0
BRF:3
BRH:1
end_of_record
